Unity Editor version:    2022.3.21f1 (bf09ca542b87)
Branch:                  2022.3/staging
Build type:              Release
Batch mode:              YES
macOS version:           Version 14.0 (Build 23A344)
Darwin version:          23.0.0
Architecture:            arm64
Running under Rosetta:   NO
Available memory:        8192 MB
Using pre-set license
Pro License: YES

COMMAND LINE ARGUMENTS:
/Applications/Unity/Hub/Editor/2022.3.21f1/Unity.app/Contents/MacOS/Unity
-adb2
-batchMode
-noUpm
-name
AssetImportWorker0
-projectPath
/Users/polgant/Documents/GitHub/LearnUnity/LearnUnity
-logFile
Logs/AssetImportWorker0.log
-srvPort
49520
Successfully changed project path to: /Users/polgant/Documents/GitHub/LearnUnity/LearnUnity
/Users/polgant/Documents/GitHub/LearnUnity/LearnUnity
[UnityMemory] Configuration Parameters - Can be set up in boot.config
    "memorysetup-bucket-allocator-granularity=16"
    "memorysetup-bucket-allocator-bucket-count=8"
    "memorysetup-bucket-allocator-block-size=33554432"
    "memorysetup-bucket-allocator-block-count=8"
    "memorysetup-main-allocator-block-size=16777216"
    "memorysetup-thread-allocator-block-size=16777216"
    "memorysetup-gfx-main-allocator-block-size=16777216"
    "memorysetup-gfx-thread-allocator-block-size=16777216"
    "memorysetup-cache-allocator-block-size=4194304"
    "memorysetup-typetree-allocator-block-size=2097152"
    "memorysetup-profiler-bucket-allocator-granularity=16"
    "memorysetup-profiler-bucket-allocator-bucket-count=8"
    "memorysetup-profiler-bucket-allocator-block-size=33554432"
    "memorysetup-profiler-bucket-allocator-block-count=8"
    "memorysetup-profiler-allocator-block-size=16777216"
    "memorysetup-profiler-editor-allocator-block-size=1048576"
    "memorysetup-temp-allocator-size-main=16777216"
    "memorysetup-job-temp-allocator-block-size=2097152"
    "memorysetup-job-temp-allocator-block-size-background=1048576"
    "memorysetup-job-temp-allocator-reduction-small-platforms=262144"
    "memorysetup-allocator-temp-initial-block-size-main=262144"
    "memorysetup-allocator-temp-initial-block-size-worker=262144"
    "memorysetup-temp-allocator-size-background-worker=32768"
    "memorysetup-temp-allocator-size-job-worker=262144"
    "memorysetup-temp-allocator-size-preload-manager=33554432"
    "memorysetup-temp-allocator-size-nav-mesh-worker=65536"
    "memorysetup-temp-allocator-size-audio-worker=65536"
    "memorysetup-temp-allocator-size-cloud-worker=32768"
    "memorysetup-temp-allocator-size-gi-baking-worker=262144"
    "memorysetup-temp-allocator-size-gfx=262144"
Player connection [7976588032] Host "[IP] 172.17.133.80 [Port] 0 [Flags] 2 [Guid] 2999163752 [EditorId] 2999163752 [Version] 1048832 [Id] OSXEditor(0,F-Macui-MacBookAir.local) [Debug] 1 [PackageName] OSXEditor [ProjectName] Editor" joined multi-casting on [225.0.0.222:54997]...

Player connection [7976588032] Host "[IP] 172.17.133.80 [Port] 0 [Flags] 2 [Guid] 2999163752 [EditorId] 2999163752 [Version] 1048832 [Id] OSXEditor(0,F-Macui-MacBookAir.local) [Debug] 1 [PackageName] OSXEditor [ProjectName] Editor" joined alternative multi-casting on [225.0.0.222:34997]...

[Physics::Module] Initialized MultithreadedJobDispatcher with 7 workers.
Refreshing native plugins compatible for Editor in 25.16 ms, found 2 plugins.
Preloading 0 native plugins for Editor in 0.00 ms.
Initialize engine version: 2022.3.21f1 (bf09ca542b87)
[Subsystems] Discovering subsystems at path /Applications/Unity/Hub/Editor/2022.3.21f1/Unity.app/Contents/Resources/UnitySubsystems
[Subsystems] Discovering subsystems at path /Users/polgant/Documents/GitHub/LearnUnity/LearnUnity/Assets
GfxDevice: creating device client; threaded=0; jobified=0
 preferred device: Apple M1 (high power)
Metal devices available: 1
0: Apple M1 (high power)
Using device Apple M1 (high power)
Initializing Metal device caps: Apple M1
Initialize mono
Mono path[0] = '/Applications/Unity/Hub/Editor/2022.3.21f1/Unity.app/Contents/Managed'
Mono path[1] = '/Applications/Unity/Hub/Editor/2022.3.21f1/Unity.app/Contents/MonoBleedingEdge/lib/mono/unityjit-macos'
Mono config path = '/Applications/Unity/Hub/Editor/2022.3.21f1/Unity.app/Contents/MonoBleedingEdge/etc'
Using monoOptions --debugger-agent=transport=dt_socket,embedding=1,server=y,suspend=n,address=127.0.0.1:56628
Begin MonoManager ReloadAssembly
Registering precompiled unity dll's ...
Register platform support module: /Applications/Unity/Hub/Editor/2022.3.21f1/PlaybackEngines/WebGLSupport/UnityEditor.WebGL.Extensions.dll
Register platform support module: /Applications/Unity/Hub/Editor/2022.3.21f1/Unity.app/Contents/PlaybackEngines/MacStandaloneSupport/UnityEditor.OSXStandalone.Extensions.dll
Registered in 0.006798 seconds.
- Loaded All Assemblies, in  0.586 seconds
Native extension for OSXStandalone target not found
Native extension for WebGL target not found
Mono: successfully reloaded assembly
- Finished resetting the current domain, in  0.488 seconds
Domain Reload Profiling: 1074ms
	BeginReloadAssembly (149ms)
		ExecutionOrderSort (0ms)
		DisableScriptedObjects (0ms)
		BackupInstance (0ms)
		ReleaseScriptingObjects (0ms)
		CreateAndSetChildDomain (1ms)
	RebuildCommonClasses (60ms)
	RebuildNativeTypeToScriptingClass (23ms)
	initialDomainReloadingComplete (88ms)
	LoadAllAssembliesAndSetupDomain (266ms)
		LoadAssemblies (149ms)
		RebuildTransferFunctionScriptingTraits (0ms)
		AnalyzeDomain (262ms)
			TypeCache.Refresh (260ms)
				TypeCache.ScanAssembly (236ms)
			ScanForSourceGeneratedMonoScriptInfo (1ms)
			ResolveRequiredComponents (1ms)
	FinalizeReload (488ms)
		ReleaseScriptCaches (0ms)
		RebuildScriptCaches (0ms)
		SetupLoadedEditorAssemblies (373ms)
			LogAssemblyErrors (0ms)
			InitializePlatformSupportModulesInManaged (15ms)
			SetLoadedEditorAssemblies (10ms)
			RefreshPlugins (0ms)
			BeforeProcessingInitializeOnLoad (3ms)
			ProcessInitializeOnLoadAttributes (263ms)
			ProcessInitializeOnLoadMethodAttributes (81ms)
			AfterProcessingInitializeOnLoad (0ms)
			EditorAssembliesLoaded (0ms)
		ExecutionOrderSort2 (0ms)
		AwakeInstancesAfterBackupRestoration (0ms)
========================================================================
Worker process is ready to serve import requests
Begin MonoManager ReloadAssembly
- Loaded All Assemblies, in  1.011 seconds
Refreshing native plugins compatible for Editor in 2.56 ms, found 2 plugins.
Native extension for OSXStandalone target not found
Native extension for WebGL target not found
Package Manager log level set to [2]
[Package Manager] Server::EnsureServerProcessIsRunning -- launch failed, reason: Unity was launched with the -noUpm command-line argument
[Package Manager] UpmClient::Send -- Unable to send message (not connected to UPM process).
[Package Manager] Cannot connect to Unity Package Manager local server
Mono: successfully reloaded assembly
- Finished resetting the current domain, in  0.904 seconds
Domain Reload Profiling: 1917ms
	BeginReloadAssembly (122ms)
		ExecutionOrderSort (0ms)
		DisableScriptedObjects (5ms)
		BackupInstance (0ms)
		ReleaseScriptingObjects (0ms)
		CreateAndSetChildDomain (28ms)
	RebuildCommonClasses (55ms)
	RebuildNativeTypeToScriptingClass (28ms)
	initialDomainReloadingComplete (85ms)
	LoadAllAssembliesAndSetupDomain (722ms)
		LoadAssemblies (436ms)
		RebuildTransferFunctionScriptingTraits (0ms)
		AnalyzeDomain (339ms)
			TypeCache.Refresh (311ms)
				TypeCache.ScanAssembly (267ms)
			ScanForSourceGeneratedMonoScriptInfo (20ms)
			ResolveRequiredComponents (7ms)
	FinalizeReload (904ms)
		ReleaseScriptCaches (0ms)
		RebuildScriptCaches (0ms)
		SetupLoadedEditorAssemblies (628ms)
			LogAssemblyErrors (0ms)
			InitializePlatformSupportModulesInManaged (10ms)
			SetLoadedEditorAssemblies (7ms)
			RefreshPlugins (0ms)
			BeforeProcessingInitializeOnLoad (87ms)
			ProcessInitializeOnLoadAttributes (488ms)
			ProcessInitializeOnLoadMethodAttributes (34ms)
			AfterProcessingInitializeOnLoad (2ms)
			EditorAssembliesLoaded (0ms)
		ExecutionOrderSort2 (0ms)
		AwakeInstancesAfterBackupRestoration (7ms)
Launching external process: /Applications/Unity/Hub/Editor/2022.3.21f1/Unity.app/Contents/Tools/UnityShaderCompiler
Launched and connected shader compiler UnityShaderCompiler after 0.14 seconds
Refreshing native plugins compatible for Editor in 2.43 ms, found 2 plugins.
Preloading 0 native plugins for Editor in 0.00 ms.
Unloading 3101 Unused Serialized files (Serialized files now loaded: 0)
Unloading 32 unused Assets / (51.8 KB). Loaded Objects now: 3563.
Memory consumption went from 127.6 MB to 127.5 MB.
Total: 5.433917 ms (FindLiveObjects: 0.217292 ms CreateObjectMapping: 0.100459 ms MarkObjects: 4.938334 ms  DeleteObjects: 0.176500 ms)

AssetImportParameters requested are different than current active one (requested -> active):
  custom:container-demuxer-ogg: 62fdf1f143b41e24485cea50d1cbac27 -> 
  custom:video-decoder-ogg-theora: a1e56fd34408186e4bbccfd4996cb3dc -> 
  custom:CustomObjectIndexerAttribute: 9a22284fe3817be447336de3de66b15e -> 
  custom:container-demuxer-webm: 4f35f7cbe854078d1ac9338744f61a02 -> 
  custom:container-muxer-webm: aa71ff27fc2769a1b78a27578f13a17b -> 
  custom:video-decoder-webm-vp8: 9c59270c3fd7afecdb556c50c9e8de78 -> 
  custom:SearchIndexIgnoredProperties: e643bd26f0fe6173181afceb89e7c659 -> 
  custom:AudioImporter_EditorPlatform: 3918e3fc78b5a79bad01e8451be0beb8 -> 
  custom:framework-osx-AVFoundation: e770b220cccbd017edd2c1fefb359320 -> 
  custom:video-encoder-webm-vp8: eb34c28f22e8b96e1ab97ce403110664 -> 
  custom:audio-decoder-ogg-vorbis: bf7c407c2cedff20999df2af8eb42d56 -> 
  custom:audio-encoder-webm-vorbis: bf7c407c2cedff20999df2af8eb42d56 -> 
========================================================================
Received Import Request.
  Time since last request: 712033.010581 seconds.
  path: Assets/Workshop/etc/Models/Buildings/House_1_YELLOW.fbx
  artifactKey: Guid(e7e77af0b55d4b244831367cf739878a) Importer(815301076,1909f56bfc062723c751e8b465ee728b)
Start importing Assets/Workshop/etc/Models/Buildings/House_1_YELLOW.fbx using Guid(e7e77af0b55d4b244831367cf739878a) Importer(815301076,1909f56bfc062723c751e8b465ee728b)  -> (artifact id: '90c906abc99e911081660cb1b18f8b0c') in 0.351397 seconds
Number of updated asset objects reloaded before import = 0
Number of asset objects unloaded after import = 7
========================================================================
Received Import Request.
  Time since last request: 0.000170 seconds.
  path: Assets/Workshop/etc/Models/Buildings/House_2_GREEN.fbx
  artifactKey: Guid(3bb84ea601ff9a44d94df50ec63885d4) Importer(815301076,1909f56bfc062723c751e8b465ee728b)
Start importing Assets/Workshop/etc/Models/Buildings/House_2_GREEN.fbx using Guid(3bb84ea601ff9a44d94df50ec63885d4) Importer(815301076,1909f56bfc062723c751e8b465ee728b)  -> (artifact id: '2b009e8629bb983deef80fa31d7ff0b8') in 0.015374 seconds
Number of updated asset objects reloaded before import = 0
Number of asset objects unloaded after import = 7
========================================================================
Received Import Request.
  Time since last request: 0.000113 seconds.
  path: Assets/Workshop/etc/Materials/Animated/CFX_Anim_Triangle2_Add.mat
  artifactKey: Guid(92089ba5e33f01d418da1bd5ba5c31a6) Importer(815301076,1909f56bfc062723c751e8b465ee728b)
Start importing Assets/Workshop/etc/Materials/Animated/CFX_Anim_Triangle2_Add.mat using Guid(92089ba5e33f01d418da1bd5ba5c31a6) Importer(815301076,1909f56bfc062723c751e8b465ee728b)  -> (artifact id: '50fbeeef5a9b1c7ba0703aaf1809b796') in 0.042962 seconds
Number of updated asset objects reloaded before import = 0
Number of asset objects unloaded after import = 2
========================================================================
Received Import Request.
  Time since last request: 0.000080 seconds.
  path: Assets/Workshop/etc/Models/Buildings/House_1_BLUE.fbx
  artifactKey: Guid(7ea8fb61b0054de45bcd5551a7913034) Importer(815301076,1909f56bfc062723c751e8b465ee728b)
Start importing Assets/Workshop/etc/Models/Buildings/House_1_BLUE.fbx using Guid(7ea8fb61b0054de45bcd5551a7913034) Importer(815301076,1909f56bfc062723c751e8b465ee728b)  -> (artifact id: '81737fd58584706e3d039e8f9c237920') in 0.013753 seconds
Number of updated asset objects reloaded before import = 0
Number of asset objects unloaded after import = 7
========================================================================
Received Import Request.
  Time since last request: 0.000150 seconds.
  path: Assets/Workshop/etc/Materials/Animated/CFX_Anim_Poof_AddSoft.mat
  artifactKey: Guid(74a6f6cd13c058a43858627e5383715e) Importer(815301076,1909f56bfc062723c751e8b465ee728b)
Start importing Assets/Workshop/etc/Materials/Animated/CFX_Anim_Poof_AddSoft.mat using Guid(74a6f6cd13c058a43858627e5383715e) Importer(815301076,1909f56bfc062723c751e8b465ee728b)  -> (artifact id: 'dc93b4a6bd7d1edde094a501a2a6c5e5') in 0.358882 seconds
Number of updated asset objects reloaded before import = 0
Number of asset objects unloaded after import = 2
========================================================================
Received Import Request.
  Time since last request: 0.000199 seconds.
  path: Assets/Workshop/etc/Models/Buildings/House_2_RED.fbx
  artifactKey: Guid(8d13171d982bd5049a55436b812c1e44) Importer(815301076,1909f56bfc062723c751e8b465ee728b)
Start importing Assets/Workshop/etc/Models/Buildings/House_2_RED.fbx using Guid(8d13171d982bd5049a55436b812c1e44) Importer(815301076,1909f56bfc062723c751e8b465ee728b)  -> (artifact id: '663cfa4328a663e10752ea69252184fa') in 0.017402 seconds
Number of updated asset objects reloaded before import = 0
Number of asset objects unloaded after import = 7
========================================================================
Received Import Request.
  Time since last request: 0.000210 seconds.
  path: Assets/Workshop/etc/Models/Buildings/House_3_GREEN.fbx
  artifactKey: Guid(9892e50d6d8744741b1c13fe62178f97) Importer(815301076,1909f56bfc062723c751e8b465ee728b)
Start importing Assets/Workshop/etc/Models/Buildings/House_3_GREEN.fbx using Guid(9892e50d6d8744741b1c13fe62178f97) Importer(815301076,1909f56bfc062723c751e8b465ee728b)  -> (artifact id: '47cd6e8e06a81a6eccc2d4be56c84520') in 0.012790 seconds
Number of updated asset objects reloaded before import = 0
Number of asset objects unloaded after import = 7
========================================================================
Received Import Request.
  Time since last request: 0.000464 seconds.
  path: Assets/Workshop/etc/Materials/Buildings.mat
  artifactKey: Guid(8a99d90f50163d348abb5a12c431c581) Importer(815301076,1909f56bfc062723c751e8b465ee728b)
Start importing Assets/Workshop/etc/Materials/Buildings.mat using Guid(8a99d90f50163d348abb5a12c431c581) Importer(815301076,1909f56bfc062723c751e8b465ee728b)  -> (artifact id: '05013390c68731691f15201b42ceb8e0') in 0.040792 seconds
Number of updated asset objects reloaded before import = 0
Number of asset objects unloaded after import = 2
========================================================================
Received Import Request.
  Time since last request: 0.000137 seconds.
  path: Assets/Workshop/etc/Models/GuardTower_3_lvl_snow_pal.fbx
  artifactKey: Guid(42bcc1a3693857943863f954e7944a0f) Importer(815301076,1909f56bfc062723c751e8b465ee728b)
Start importing Assets/Workshop/etc/Models/GuardTower_3_lvl_snow_pal.fbx using Guid(42bcc1a3693857943863f954e7944a0f) Importer(815301076,1909f56bfc062723c751e8b465ee728b)  -> (artifact id: '8f42555b0d0fafe99e02bfe35fa741d8') in 0.019222 seconds
Number of updated asset objects reloaded before import = 0
Number of asset objects unloaded after import = 8
========================================================================
Received Import Request.
  Time since last request: 0.000305 seconds.
  path: Assets/Workshop/etc/Models/Buildings/House_1_RED.fbx
  artifactKey: Guid(f979c6a8a4b714a4db1ff9a2472b6e7c) Importer(815301076,1909f56bfc062723c751e8b465ee728b)
Start importing Assets/Workshop/etc/Models/Buildings/House_1_RED.fbx using Guid(f979c6a8a4b714a4db1ff9a2472b6e7c) Importer(815301076,1909f56bfc062723c751e8b465ee728b)  -> (artifact id: '870123b52f34f798f1674d4fae2dc829') in 0.012504 seconds
Number of updated asset objects reloaded before import = 0
Number of asset objects unloaded after import = 7
========================================================================
Received Import Request.
  Time since last request: 0.000476 seconds.
  path: Assets/Workshop/etc/Models/Buildings/House_1_GREEN.fbx
  artifactKey: Guid(81052233093f7974b80c35a076b377c6) Importer(815301076,1909f56bfc062723c751e8b465ee728b)
Start importing Assets/Workshop/etc/Models/Buildings/House_1_GREEN.fbx using Guid(81052233093f7974b80c35a076b377c6) Importer(815301076,1909f56bfc062723c751e8b465ee728b)  -> (artifact id: '7c60afa8581a017bfbcb7bbcaa98b655') in 0.013317 seconds
Number of updated asset objects reloaded before import = 0
Number of asset objects unloaded after import = 7
========================================================================
Received Import Request.
  Time since last request: 0.000159 seconds.
  path: Assets/Workshop/etc/Models/Drone.fbx
  artifactKey: Guid(03e45bf818617fa49b3fb50614a8028a) Importer(815301076,1909f56bfc062723c751e8b465ee728b)
Start importing Assets/Workshop/etc/Models/Drone.fbx using Guid(03e45bf818617fa49b3fb50614a8028a) Importer(815301076,1909f56bfc062723c751e8b465ee728b)  -> (artifact id: '3ee9e5eb5216563eab08ee7b057deda4') in 0.018133 seconds
Number of updated asset objects reloaded before import = 0
Number of asset objects unloaded after import = 9
========================================================================
Received Import Request.
  Time since last request: 0.000184 seconds.
  path: Assets/Workshop/etc/Models/Buildings/House_2_BLUE.fbx
  artifactKey: Guid(4a1ec71569cf7e541a03927cec110c74) Importer(815301076,1909f56bfc062723c751e8b465ee728b)
Start importing Assets/Workshop/etc/Models/Buildings/House_2_BLUE.fbx using Guid(4a1ec71569cf7e541a03927cec110c74) Importer(815301076,1909f56bfc062723c751e8b465ee728b)  -> (artifact id: 'f45bddd2d61bec3f3fcfe65b00245ef8') in 0.011431 seconds
Number of updated asset objects reloaded before import = 0
Number of asset objects unloaded after import = 7
========================================================================
Received Import Request.
  Time since last request: 0.000274 seconds.
  path: Assets/Workshop/etc/Models/Buildings/House_2_YELLOW.fbx
  artifactKey: Guid(8b7d6ab2a3fd01a4799498d7d1adbff0) Importer(815301076,1909f56bfc062723c751e8b465ee728b)
Start importing Assets/Workshop/etc/Models/Buildings/House_2_YELLOW.fbx using Guid(8b7d6ab2a3fd01a4799498d7d1adbff0) Importer(815301076,1909f56bfc062723c751e8b465ee728b)  -> (artifact id: '386fb3c84f129e272bdfd2b23b0309d6') in 0.013680 seconds
Number of updated asset objects reloaded before import = 0
Number of asset objects unloaded after import = 7
========================================================================
Received Import Request.
  Time since last request: 0.000381 seconds.
  path: Assets/Workshop/etc/Models/Materials/Drone_KB_Diffuse.mat
  artifactKey: Guid(500daa4da9cd18d48a0b02797918b5b3) Importer(815301076,1909f56bfc062723c751e8b465ee728b)
Start importing Assets/Workshop/etc/Models/Materials/Drone_KB_Diffuse.mat using Guid(500daa4da9cd18d48a0b02797918b5b3) Importer(815301076,1909f56bfc062723c751e8b465ee728b)  -> (artifact id: '5adaeada4b76081392dd3fbbe071347c') in 0.009698 seconds
Number of updated asset objects reloaded before import = 0
Number of asset objects unloaded after import = 2
========================================================================
Received Import Request.
  Time since last request: 0.000113 seconds.
  path: Assets/Workshop/etc/Materials/Decals/CFX_BurntGround.mat
  artifactKey: Guid(250bfa0dfc325114b8a34902162ca735) Importer(815301076,1909f56bfc062723c751e8b465ee728b)
Start importing Assets/Workshop/etc/Materials/Decals/CFX_BurntGround.mat using Guid(250bfa0dfc325114b8a34902162ca735) Importer(815301076,1909f56bfc062723c751e8b465ee728b)  -> (artifact id: '789415039b692e5dfc7d1da5d003530d') in 0.079063 seconds
Number of updated asset objects reloaded before import = 0
Number of asset objects unloaded after import = 2
========================================================================
Received Import Request.
  Time since last request: 0.000544 seconds.
  path: Assets/Workshop/Terrain/Environment.prefab
  artifactKey: Guid(bea0b33037f92e64499c41f6a99e42d8) Importer(815301076,1909f56bfc062723c751e8b465ee728b)
Start importing Assets/Workshop/Terrain/Environment.prefab using Guid(bea0b33037f92e64499c41f6a99e42d8) Importer(815301076,1909f56bfc062723c751e8b465ee728b)  -> (artifact id: 'f49e61b6f7ab3864c34416c7231be4d9') in 0.011127 seconds
Number of updated asset objects reloaded before import = 0
Number of asset objects unloaded after import = 11
========================================================================
Received Import Request.
  Time since last request: 0.000511 seconds.
  path: Assets/Workshop/etc/Models/Materials/Branch.mat
  artifactKey: Guid(b5abd4de1ab9db041bacbaf9b2ccb837) Importer(815301076,1909f56bfc062723c751e8b465ee728b)
Start importing Assets/Workshop/etc/Models/Materials/Branch.mat using Guid(b5abd4de1ab9db041bacbaf9b2ccb837) Importer(815301076,1909f56bfc062723c751e8b465ee728b)  -> (artifact id: 'd0e0f538dd354ac83896a993cae5bbdc') in 0.009261 seconds
Number of updated asset objects reloaded before import = 0
Number of asset objects unloaded after import = 1
========================================================================
Received Import Request.
  Time since last request: 0.000424 seconds.
  path: Assets/Workshop/etc/Models/environment.fbx
  artifactKey: Guid(405d0060ef9b4de49be2a444acb05227) Importer(815301076,1909f56bfc062723c751e8b465ee728b)
Start importing Assets/Workshop/etc/Models/environment.fbx using Guid(405d0060ef9b4de49be2a444acb05227) Importer(815301076,1909f56bfc062723c751e8b465ee728b)  -> (artifact id: '78fd3ba1b5c6391e734f4e4140f88b87') in 0.636541 seconds
Number of updated asset objects reloaded before import = 0
Number of asset objects unloaded after import = 313
========================================================================
Received Import Request.
  Time since last request: 33.685416 seconds.
  path: Assets/Workshop/etc/Models/Buildings/House_3_RED.fbx
  artifactKey: Guid(2ceb9d9dfbe2e67499d53fd55eef74d7) Importer(815301076,1909f56bfc062723c751e8b465ee728b)
Start importing Assets/Workshop/etc/Models/Buildings/House_3_RED.fbx using Guid(2ceb9d9dfbe2e67499d53fd55eef74d7) Importer(815301076,1909f56bfc062723c751e8b465ee728b)  -> (artifact id: '304d8fc880a467ca32a44c90cd8a40fa') in 0.032438 seconds
Number of updated asset objects reloaded before import = 0
Number of asset objects unloaded after import = 7
========================================================================
Received Import Request.
  Time since last request: 0.000045 seconds.
  path: Assets/Workshop/etc/Models/Buildings/House_5_BLUE.fbx
  artifactKey: Guid(f61b866b04a83754abfb51be578fd093) Importer(815301076,1909f56bfc062723c751e8b465ee728b)
Start importing Assets/Workshop/etc/Models/Buildings/House_5_BLUE.fbx using Guid(f61b866b04a83754abfb51be578fd093) Importer(815301076,1909f56bfc062723c751e8b465ee728b)  -> (artifact id: '19901b5f5031983fd6d401b7593072a8') in 0.011504 seconds
Number of updated asset objects reloaded before import = 0
Number of asset objects unloaded after import = 7
========================================================================
Received Import Request.
  Time since last request: 0.000067 seconds.
  path: Assets/Workshop/etc/Models/Buildings/House_4_RED.fbx
  artifactKey: Guid(1e4bcae9d0b093d44aa1f398fe02c175) Importer(815301076,1909f56bfc062723c751e8b465ee728b)
Start importing Assets/Workshop/etc/Models/Buildings/House_4_RED.fbx using Guid(1e4bcae9d0b093d44aa1f398fe02c175) Importer(815301076,1909f56bfc062723c751e8b465ee728b)  -> (artifact id: '07844b2fcc4b50422c1b4fbe3e0bbd84') in 0.008962 seconds
Number of updated asset objects reloaded before import = 0
Number of asset objects unloaded after import = 7
========================================================================
Received Import Request.
  Time since last request: 0.000246 seconds.
  path: Assets/Workshop/etc/Models/Buildings/House_4_BLUE.fbx
  artifactKey: Guid(4824d54dcb4d9144baae68224dab1c90) Importer(815301076,1909f56bfc062723c751e8b465ee728b)
Start importing Assets/Workshop/etc/Models/Buildings/House_4_BLUE.fbx using Guid(4824d54dcb4d9144baae68224dab1c90) Importer(815301076,1909f56bfc062723c751e8b465ee728b)  -> (artifact id: 'ddb8481ccb7fb9238314fdbd3a287cbc') in 0.013808 seconds
Number of updated asset objects reloaded before import = 0
Number of asset objects unloaded after import = 7
========================================================================
Received Import Request.
  Time since last request: 0.000170 seconds.
  path: Assets/Workshop/etc/Models/Buildings/House_5_RED.fbx
  artifactKey: Guid(2719ee584f44291418a38abba0f183f5) Importer(815301076,1909f56bfc062723c751e8b465ee728b)
Start importing Assets/Workshop/etc/Models/Buildings/House_5_RED.fbx using Guid(2719ee584f44291418a38abba0f183f5) Importer(815301076,1909f56bfc062723c751e8b465ee728b)  -> (artifact id: '551cb13a4ad606141c1731608c8b4cb5') in 0.011828 seconds
Number of updated asset objects reloaded before import = 0
Number of asset objects unloaded after import = 7
========================================================================
Received Import Request.
  Time since last request: 0.000118 seconds.
  path: Assets/Workshop/etc/Models/Tower.3ds
  artifactKey: Guid(4f42baf92410c234ca5abf2d734e32da) Importer(815301076,1909f56bfc062723c751e8b465ee728b)
Start importing Assets/Workshop/etc/Models/Tower.3ds using Guid(4f42baf92410c234ca5abf2d734e32da) Importer(815301076,1909f56bfc062723c751e8b465ee728b)  -> (artifact id: '243d0fbca93dfa4ea0637c73a6455663') in 0.013168 seconds
Number of updated asset objects reloaded before import = 0
Number of asset objects unloaded after import = 8
========================================================================
Received Import Request.
  Time since last request: 248.998880 seconds.
  path: Assets/Workshop/etc/Models/Materials/Ground.mat
  artifactKey: Guid(d8455e283999f22438516ab6e5034902) Importer(815301076,1909f56bfc062723c751e8b465ee728b)
Start importing Assets/Workshop/etc/Models/Materials/Ground.mat using Guid(d8455e283999f22438516ab6e5034902) Importer(815301076,1909f56bfc062723c751e8b465ee728b)  -> (artifact id: 'a5238a4a45f1a3e3ed584abe678aeb52') in 0.031510 seconds
Number of updated asset objects reloaded before import = 0
Number of asset objects unloaded after import = 1
========================================================================
Received Import Request.
  Time since last request: 0.000089 seconds.
  path: Assets/Workshop/etc/Models/Materials/Material.004.mat
  artifactKey: Guid(c43a63777691a8b4880d4e75b57a9bd0) Importer(815301076,1909f56bfc062723c751e8b465ee728b)
Start importing Assets/Workshop/etc/Models/Materials/Material.004.mat using Guid(c43a63777691a8b4880d4e75b57a9bd0) Importer(815301076,1909f56bfc062723c751e8b465ee728b)  -> (artifact id: '0589b11364c0a171d63d41335a90af0a') in 0.005110 seconds
Number of updated asset objects reloaded before import = 0
Number of asset objects unloaded after import = 1
========================================================================
Received Import Request.
  Time since last request: 0.000212 seconds.
  path: Assets/Workshop/etc/Materials/swirl-1.mat
  artifactKey: Guid(e889572110a25764ebd51c6a6308e624) Importer(815301076,1909f56bfc062723c751e8b465ee728b)
Start importing Assets/Workshop/etc/Materials/swirl-1.mat using Guid(e889572110a25764ebd51c6a6308e624) Importer(815301076,1909f56bfc062723c751e8b465ee728b)  -> (artifact id: '457e13b4e8e3508d23d40cd42d6e986a') in 0.019879 seconds
Number of updated asset objects reloaded before import = 0
Number of asset objects unloaded after import = 2
========================================================================
Received Import Request.
  Time since last request: 0.000056 seconds.
  path: Assets/Workshop/etc/Materials/ShapesMaterial_13.mat
  artifactKey: Guid(338a2ec68a749124a828afd156ab4281) Importer(815301076,1909f56bfc062723c751e8b465ee728b)
Start importing Assets/Workshop/etc/Materials/ShapesMaterial_13.mat using Guid(338a2ec68a749124a828afd156ab4281) Importer(815301076,1909f56bfc062723c751e8b465ee728b)  -> (artifact id: '3084c55cb4774772e0e029eff8c5625e') in 0.008579 seconds
Number of updated asset objects reloaded before import = 0
Number of asset objects unloaded after import = 2
========================================================================
Received Import Request.
  Time since last request: 0.000130 seconds.
  path: Assets/Workshop/etc/Models/Materials/Material.005.mat
  artifactKey: Guid(7f614e5640da64b4cbcd9db757e0dbeb) Importer(815301076,1909f56bfc062723c751e8b465ee728b)
Start importing Assets/Workshop/etc/Models/Materials/Material.005.mat using Guid(7f614e5640da64b4cbcd9db757e0dbeb) Importer(815301076,1909f56bfc062723c751e8b465ee728b)  -> (artifact id: '1c37983b21ff159a939b3945c17c99dd') in 0.007567 seconds
Number of updated asset objects reloaded before import = 0
Number of asset objects unloaded after import = 1
========================================================================
Received Import Request.
  Time since last request: 0.000151 seconds.
  path: Assets/Workshop/etc/Materials/Pallete.mat
  artifactKey: Guid(7dcf6db8afd4f7c49b4192f63bb7ef59) Importer(815301076,1909f56bfc062723c751e8b465ee728b)
Start importing Assets/Workshop/etc/Materials/Pallete.mat using Guid(7dcf6db8afd4f7c49b4192f63bb7ef59) Importer(815301076,1909f56bfc062723c751e8b465ee728b)  -> (artifact id: 'a0b0fc4b28638c9db14b1d3d437f6105') in 0.007377 seconds
Number of updated asset objects reloaded before import = 0
Number of asset objects unloaded after import = 2
========================================================================
Received Import Request.
  Time since last request: 0.000138 seconds.
  path: Assets/Workshop/etc/Models/Materials/Material.007.mat
  artifactKey: Guid(bedeb506257fcad4cb6f93751c113bce) Importer(815301076,1909f56bfc062723c751e8b465ee728b)
Start importing Assets/Workshop/etc/Models/Materials/Material.007.mat using Guid(bedeb506257fcad4cb6f93751c113bce) Importer(815301076,1909f56bfc062723c751e8b465ee728b)  -> (artifact id: 'f9ed302bf3d6dd7ad759e077d5353c52') in 0.006389 seconds
Number of updated asset objects reloaded before import = 0
Number of asset objects unloaded after import = 1
========================================================================
Received Import Request.
  Time since last request: 0.000154 seconds.
  path: Assets/Workshop/etc/Models/Materials/stone.mat
  artifactKey: Guid(ced28355224088d45b43856d5e2f9149) Importer(815301076,1909f56bfc062723c751e8b465ee728b)
Start importing Assets/Workshop/etc/Models/Materials/stone.mat using Guid(ced28355224088d45b43856d5e2f9149) Importer(815301076,1909f56bfc062723c751e8b465ee728b)  -> (artifact id: '18b5243547467c27b9ff0c757ec1561b') in 0.006502 seconds
Number of updated asset objects reloaded before import = 0
Number of asset objects unloaded after import = 1
========================================================================
Received Import Request.
  Time since last request: 0.000145 seconds.
  path: Assets/Workshop/etc/Materials/ShapesMaterial_31.mat
  artifactKey: Guid(62d21d8f4d4696a42a3ece0d3ddb1ae9) Importer(815301076,1909f56bfc062723c751e8b465ee728b)
Start importing Assets/Workshop/etc/Materials/ShapesMaterial_31.mat using Guid(62d21d8f4d4696a42a3ece0d3ddb1ae9) Importer(815301076,1909f56bfc062723c751e8b465ee728b)  -> (artifact id: '857115c80f166aad8e6cd5eb90bd3771') in 0.005756 seconds
Number of updated asset objects reloaded before import = 0
Number of asset objects unloaded after import = 2
========================================================================
Received Import Request.
  Time since last request: 0.000208 seconds.
  path: Assets/Workshop/etc/Models/Materials/stone3.mat
  artifactKey: Guid(fb4b76f3a387c45c59b910064386b87d) Importer(815301076,1909f56bfc062723c751e8b465ee728b)
Start importing Assets/Workshop/etc/Models/Materials/stone3.mat using Guid(fb4b76f3a387c45c59b910064386b87d) Importer(815301076,1909f56bfc062723c751e8b465ee728b)  -> (artifact id: 'f912a848c83336fca46f98fa6de78239') in 0.006678 seconds
Number of updated asset objects reloaded before import = 0
Number of asset objects unloaded after import = 1
========================================================================
Received Import Request.
  Time since last request: 1.875969 seconds.
  path: Assets/Workshop/Trees/Tree1.prefab
  artifactKey: Guid(68f9353fad572de4c8b8a7f52b7754b5) Importer(815301076,1909f56bfc062723c751e8b465ee728b)
Start importing Assets/Workshop/Trees/Tree1.prefab using Guid(68f9353fad572de4c8b8a7f52b7754b5) Importer(815301076,1909f56bfc062723c751e8b465ee728b)  -> (artifact id: 'b56cd027c28ae8b7020847b411459891') in 0.013749 seconds
Number of updated asset objects reloaded before import = 0
Number of asset objects unloaded after import = 12
========================================================================
Received Import Request.
  Time since last request: 0.000040 seconds.
  path: Assets/Workshop/Trees/Tree3.prefab
  artifactKey: Guid(c26b5e59792023a48bc84851b6b9d931) Importer(815301076,1909f56bfc062723c751e8b465ee728b)
Start importing Assets/Workshop/Trees/Tree3.prefab using Guid(c26b5e59792023a48bc84851b6b9d931) Importer(815301076,1909f56bfc062723c751e8b465ee728b)  -> (artifact id: '8a9020545d9c3f3c9e4973b0a4b19089') in 0.007087 seconds
Number of updated asset objects reloaded before import = 0
Number of asset objects unloaded after import = 12
========================================================================
Received Import Request.
  Time since last request: 300.577404 seconds.
  path: Assets/Workshop/etc/Materials/TriangleMaterial_15.mat
  artifactKey: Guid(701d50aa0c208764fa9010d033326808) Importer(815301076,1909f56bfc062723c751e8b465ee728b)
Start importing Assets/Workshop/etc/Materials/TriangleMaterial_15.mat using Guid(701d50aa0c208764fa9010d033326808) Importer(815301076,1909f56bfc062723c751e8b465ee728b)  -> (artifact id: 'ae67b67c639ba43026207282fdbd74d4') in 0.024304 seconds
Number of updated asset objects reloaded before import = 0
Number of asset objects unloaded after import = 2
========================================================================
Received Import Request.
  Time since last request: 0.317970 seconds.
  path: Assets/Workshop/Effects/OrangeBase.prefab
  artifactKey: Guid(4ee562a07b0a0124c94c66732b0453c0) Importer(815301076,1909f56bfc062723c751e8b465ee728b)
Start importing Assets/Workshop/Effects/OrangeBase.prefab using Guid(4ee562a07b0a0124c94c66732b0453c0) Importer(815301076,1909f56bfc062723c751e8b465ee728b)  -> (artifact id: '39d6112b613a22fcd891b5fd31505401') in 0.016641 seconds
Number of updated asset objects reloaded before import = 0
Number of asset objects unloaded after import = 8
========================================================================
Received Import Request.
  Time since last request: 1.811339 seconds.
  path: Assets/Workshop/Effects/RedBase.prefab
  artifactKey: Guid(dc76913928c6842419009a0a2cd1ebd9) Importer(815301076,1909f56bfc062723c751e8b465ee728b)
Start importing Assets/Workshop/Effects/RedBase.prefab using Guid(dc76913928c6842419009a0a2cd1ebd9) Importer(815301076,1909f56bfc062723c751e8b465ee728b)  -> (artifact id: '36f3ef5ae523b50e5bb47f1db0bdcabb') in 0.006155 seconds
Number of updated asset objects reloaded before import = 0
Number of asset objects unloaded after import = 8
========================================================================
Received Import Request.
  Time since last request: 1.217338 seconds.
  path: Assets/Workshop/Effects/SnowStorm.prefab
  artifactKey: Guid(717cf4384de27604fb9f40c37f1a9b24) Importer(815301076,1909f56bfc062723c751e8b465ee728b)
Start importing Assets/Workshop/Effects/SnowStorm.prefab using Guid(717cf4384de27604fb9f40c37f1a9b24) Importer(815301076,1909f56bfc062723c751e8b465ee728b)  -> (artifact id: '333b376add53677e516c07e3a1333fb4') in 0.006608 seconds
Number of updated asset objects reloaded before import = 0
Number of asset objects unloaded after import = 8
========================================================================
Received Import Request.
  Time since last request: 1.973639 seconds.
  path: Assets/Workshop/etc/Materials/TriangleMaterial_2.mat
  artifactKey: Guid(03c71dfcc1c929e4a8a8c0ea148f3c3e) Importer(815301076,1909f56bfc062723c751e8b465ee728b)
Start importing Assets/Workshop/etc/Materials/TriangleMaterial_2.mat using Guid(03c71dfcc1c929e4a8a8c0ea148f3c3e) Importer(815301076,1909f56bfc062723c751e8b465ee728b)  -> (artifact id: 'a23404fc983757f4ba24ffde4361ef91') in 0.006972 seconds
Number of updated asset objects reloaded before import = 0
Number of asset objects unloaded after import = 2
========================================================================
Received Import Request.
  Time since last request: 0.270766 seconds.
  path: Assets/Workshop/Effects/TriangleRain.prefab
  artifactKey: Guid(d0d47ed1e1db28f4bb7317fde9fd181e) Importer(815301076,1909f56bfc062723c751e8b465ee728b)
Start importing Assets/Workshop/Effects/TriangleRain.prefab using Guid(d0d47ed1e1db28f4bb7317fde9fd181e) Importer(815301076,1909f56bfc062723c751e8b465ee728b)  -> (artifact id: '8718f422403d808b63caeae2ccc2568c') in 0.005991 seconds
Number of updated asset objects reloaded before import = 0
Number of asset objects unloaded after import = 8
